TN:
SF:src/App.jsx
FN:11,App
FN:14,(anonymous_1)
FN:15,fetchDocs
FNF:3
FNH:0
FNDA:0,App
FNDA:0,(anonymous_1)
FNDA:0,fetchDocs
DA:12,0
DA:14,0
DA:16,0
DA:17,0
DA:18,0
DA:20,0
DA:23,0
LF:7
LH:0
BRDA:18,0,0,0
BRDA:18,0,1,0
BRF:2
BRH:0
end_of_record
TN:
SF:src/components/docs/CreateEditor.jsx
FN:6,CreateEditor
FN:14,handleChange
FN:16,(anonymous_2)
FN:19,saveText
FN:34,(anonymous_4)
FN:63,(anonymous_5)
FNF:6
FNH:0
FNDA:0,CreateEditor
FNDA:0,handleChange
FNDA:0,(anonymous_2)
FNDA:0,saveText
FNDA:0,(anonymous_4)
FNDA:0,(anonymous_5)
DA:7,0
DA:12,0
DA:15,0
DA:16,0
DA:21,0
DA:23,0
DA:24,0
DA:25,0
DA:28,0
DA:29,0
DA:32,0
DA:34,0
DA:63,0
LF:13
LH:0
BRDA:23,0,0,0
BRDA:23,0,1,0
BRDA:23,1,0,0
BRDA:23,1,1,0
BRF:4
BRH:0
end_of_record
TN:
SF:src/components/docs/DocCard.jsx
FN:5,DocCard
FN:8,(anonymous_1)
FN:19,(anonymous_2)
FN:42,dateFormatted
FNF:4
FNH:1
FNDA:2,DocCard
FNDA:0,(anonymous_1)
FNDA:0,(anonymous_2)
FNDA:0,dateFormatted
DA:6,2
DA:8,2
DA:9,0
DA:17,2
DA:19,2
DA:20,0
DA:21,0
DA:22,0
DA:26,2
DA:43,0
DA:44,0
DA:45,0
DA:46,0
DA:47,0
DA:48,0
DA:49,0
LF:16
LH:5
BRDA:17,0,0,0
BRDA:17,0,1,2
BRDA:20,1,0,0
BRDA:20,1,1,0
BRF:4
BRH:1
end_of_record
TN:
SF:src/components/docs/DocList.jsx
FN:6,DocList
FN:8,fetchAllDocs
FN:13,(anonymous_2)
FN:17,(anonymous_3)
FNF:4
FNH:4
FNDA:2,DocList
FNDA:2,fetchAllDocs
FNDA:2,(anonymous_2)
FNDA:2,(anonymous_3)
DA:9,2
DA:10,2
DA:13,2
DA:14,2
DA:17,2
DA:18,2
DA:21,2
DA:22,1
DA:24,1
LF:9
LH:9
BRDA:21,0,0,1
BRDA:21,0,1,1
BRF:2
BRH:2
end_of_record
TN:
SF:src/components/docs/UpdateDoc.jsx
FN:6,UpdateDoc
FN:17,handleChange
FN:19,(anonymous_2)
FN:22,(anonymous_3)
FN:29,saveText
FN:36,(anonymous_5)
FN:65,(anonymous_6)
FNF:7
FNH:0
FNDA:0,UpdateDoc
FNDA:0,handleChange
FNDA:0,(anonymous_2)
FNDA:0,(anonymous_3)
FNDA:0,saveText
FNDA:0,(anonymous_5)
FNDA:0,(anonymous_6)
DA:7,0
DA:8,0
DA:11,0
DA:18,0
DA:19,0
DA:22,0
DA:23,0
DA:24,0
DA:25,0
DA:30,0
DA:31,0
DA:34,0
DA:36,0
DA:65,0
LF:14
LH:0
BRDA:14,0,0,0
BRDA:14,0,1,0
BRDA:23,1,0,0
BRDA:23,1,1,0
BRF:4
BRH:0
end_of_record
TN:
SF:src/components/incl/Footer.jsx
FN:3,Footer
FNF:1
FNH:0
FNDA:0,Footer
DA:4,0
LF:1
LH:0
BRF:0
BRH:0
end_of_record
TN:
SF:src/components/incl/Header.jsx
FN:4,Header
FN:9,(anonymous_1)
FN:13,(anonymous_2)
FN:14,(anonymous_3)
FNF:4
FNH:0
FNDA:0,Header
FNDA:0,(anonymous_1)
FNDA:0,(anonymous_2)
FNDA:0,(anonymous_3)
DA:5,0
DA:7,0
DA:9,0
DA:13,0
DA:14,0
LF:5
LH:0
BRF:0
BRH:0
end_of_record
TN:
SF:src/models/documents.jsx
FN:9,getAllDocs
FN:31,createDoc
FN:54,updateDoc
FN:80,deleteDoc
FNF:4
FNH:0
FNDA:0,getAllDocs
FNDA:0,createDoc
FNDA:0,updateDoc
FNDA:0,deleteDoc
DA:1,0
DA:11,0
DA:12,0
DA:19,0
DA:20,0
DA:23,0
DA:24,0
DA:26,0
DA:27,0
DA:32,0
DA:33,0
DA:41,0
DA:42,0
DA:45,0
DA:46,0
DA:47,0
DA:49,0
DA:50,0
DA:55,0
DA:56,0
DA:57,0
DA:67,0
DA:68,0
DA:71,0
DA:72,0
DA:74,0
DA:75,0
DA:81,0
DA:82,0
DA:88,0
DA:89,0
DA:92,0
DA:93,0
DA:95,0
DA:96,0
LF:35
LH:0
BRDA:2,0,0,0
BRDA:2,0,1,0
BRDA:5,1,0,0
BRDA:5,1,1,0
BRDA:19,2,0,0
BRDA:19,2,1,0
BRDA:41,3,0,0
BRDA:41,3,1,0
BRDA:67,4,0,0
BRDA:67,4,1,0
BRDA:88,5,0,0
BRDA:88,5,1,0
BRF:12
BRH:0
end_of_record
